Build started 20/01/2013 20:44:33.
     1>Project "C:\Users\JP\Documents\LabArq2_color_snake\asmGames\Project.vcxproj" on node 2 (rebuild target(s)).
     1>_PrepareForClean:
         Deleting file "Debug\Project.lastbuildstate".
       InitializeBuildStatus:
         Creating "Debug\Project.unsuccessfulbuild" because "AlwaysCreate" was specified.
       _MASM:
         Assembling [Inputs]...
         cmd.exe /C "C:\Users\JP\AppData\Local\Temp\f1f2870ad7f54f7aa36c298c52b8c08f.cmd"
         ml.exe /c /nologo /Zi /Fo"Debug\main.obj" /I "c:\Irvine" /W3 /errorReport:prompt  /Tasrc\main.asm
       Link:
         C:\Program Files (x86)\Microsoft Visual Studio 10.0\VC\bin\link.exe /ERRORREPORT:PROMPT /OUT:"C:\Users\JP\Documents\LabArq2_color_snake\asmGames\Debug\Project.exe" /NOLOGO /LIBPATH:c:\Irvine user32.lib irvine32.lib kernel32.lib user32.lib gdi32.lib winspool.lib comdlg32.lib advapi32.lib shell32.lib ole32.lib oleaut32.lib uuid.lib odbc32.lib odbccp32.lib /MANIFEST /ManifestFile:"Debug\Project.exe.intermediate.manifest" /MANIFESTUAC:"level='asInvoker' uiAccess='false'" /DEBUG /PDB:"C:\Users\JP\Documents\LabArq2_color_snake\asmGames\Debug\Project.pdb" /SUBSYSTEM:CONSOLE /TLBID:1 /DYNAMICBASE:NO /IMPLIB:"C:\Users\JP\Documents\LabArq2_color_snake\asmGames\Debug\Project.lib" /MACHINE:X86 Debug\main.obj
         Project.vcxproj -> C:\Users\JP\Documents\LabArq2_color_snake\asmGames\Debug\Project.exe
       Manifest:
         C:\Program Files (x86)\Microsoft SDKs\Windows\v7.0A\bin\mt.exe /nologo /verbose /outputresource:"C:\Users\JP\Documents\LabArq2_color_snake\asmGames\Debug\Project.exe;#1" /manifest Debug\Project.exe.intermediate.manifest
       FinalizeBuildStatus:
         Deleting file "Debug\Project.unsuccessfulbuild".
         Touching "Debug\Project.lastbuildstate".
     1>Done Building Project "C:\Users\JP\Documents\LabArq2_color_snake\asmGames\Project.vcxproj" (rebuild target(s)).

Build succeeded.

Time Elapsed 00:00:01.40
